<?xml version="1.0" encoding="UTF-8"?>
<testng-results skipped="0" failed="1" total="2" passed="1">
  <reporter-output>
  </reporter-output>
  <suite name="Default suite" duration-ms="77325" started-at="2017-12-23T06:04:19Z" finished-at="2017-12-23T06:05:37Z">
    <groups>
    </groups>
    <test name="Default test" duration-ms="77325" started-at="2017-12-23T06:04:19Z" finished-at="2017-12-23T06:05:37Z">
      <class name="pagetests.CreateLead">
        <test-method status="PASS" signature="beforeSuite()[pri:0, instance:pagetests.CreateLead@9f9fb0]" name="beforeSuite" is-config="true" duration-ms="2756" started-at="2017-12-23T11:34:17Z" finished-at="2017-12-23T11:34:19Z">
          <reporter-output>
          </reporter-output>
        </test-method> <!-- beforeSuite -->
        <test-method status="PASS" signature="beforeTest()[pri:0, instance:pagetests.CreateLead@9f9fb0]" name="beforeTest" is-config="true" duration-ms="0" started-at="2017-12-23T11:34:19Z" finished-at="2017-12-23T11:34:19Z">
          <reporter-output>
          </reporter-output>
        </test-method> <!-- beforeTest -->
        <test-method status="PASS" signature="setValues()[pri:0, instance:pagetests.CreateLead@9f9fb0]" name="setValues" is-config="true" duration-ms="0" started-at="2017-12-23T11:34:19Z" finished-at="2017-12-23T11:34:19Z">
          <reporter-output>
          </reporter-output>
        </test-method> <!-- setValues -->
        <test-method status="PASS" signature="beforeMethod()[pri:0, instance:pagetests.CreateLead@9f9fb0]" name="beforeMethod" is-config="true" duration-ms="20110" started-at="2017-12-23T11:34:21Z" finished-at="2017-12-23T11:34:41Z">
          <reporter-output>
          </reporter-output>
        </test-method> <!-- beforeMethod -->
        <test-method status="PASS" signature="createLead(java.lang.String, java.lang.String, java.lang.String)[pri:0, instance:pagetests.CreateLead@9f9fb0]" name="createLead" duration-ms="15046" started-at="2017-12-23T11:34:41Z" data-provider="fetchData" finished-at="2017-12-23T11:34:56Z">
          <params>
            <param index="0">
              <value>
                <![CDATA[nirmala]]>
              </value>
            </param>
            <param index="1">
              <value>
                <![CDATA[devi]]>
              </value>
            </param>
            <param index="2">
              <value>
                <![CDATA[accenture]]>
              </value>
            </param>
          </params>
          <reporter-output>
          </reporter-output>
        </test-method> <!-- createLead -->
        <test-method status="PASS" signature="afterMethod()[pri:0, instance:pagetests.CreateLead@9f9fb0]" name="afterMethod" is-config="true" duration-ms="1379" started-at="2017-12-23T11:34:56Z" finished-at="2017-12-23T11:34:57Z">
          <reporter-output>
          </reporter-output>
        </test-method> <!-- afterMethod -->
        <test-method status="PASS" signature="beforeMethod()[pri:0, instance:pagetests.CreateLead@9f9fb0]" name="beforeMethod" is-config="true" duration-ms="14272" started-at="2017-12-23T11:34:57Z" finished-at="2017-12-23T11:35:12Z">
          <reporter-output>
          </reporter-output>
        </test-method> <!-- beforeMethod -->
        <test-method status="FAIL" signature="createLead(java.lang.String, java.lang.String, java.lang.String)[pri:0, instance:pagetests.CreateLead@9f9fb0]" name="createLead" duration-ms="23963" started-at="2017-12-23T11:35:12Z" data-provider="fetchData" finished-at="2017-12-23T11:35:36Z">
          <params>
            <param index="0">
              <value>
                <![CDATA[jothika]]>
              </value>
            </param>
            <param index="1">
              <value>
                <![CDATA[surya]]>
              </value>
            </param>
            <param index="2">
              <value>
                <![CDATA[tcs]]>
              </value>
            </param>
          </params>
          <exception class="java.lang.NullPointerException">
            <full-stacktrace>
              <![CDATA[java.lang.NullPointerException
	at sun.reflect.NativeMethodAccessorImpl.invoke0(Native Method)
	at sun.reflect.NativeMethodAccessorImpl.invoke(NativeMethodAccessorImpl.java:62)
	at sun.reflect.DelegatingMethodAccessorImpl.invoke(DelegatingMethodAccessorImpl.java:43)
	at java.lang.reflect.Method.invoke(Method.java:483)
	at org.openqa.selenium.support.pagefactory.internal.LocatingElementHandler.invoke(LocatingElementHandler.java:51)
	at com.sun.proxy.$Proxy12.toString(Unknown Source)
	at java.lang.String.valueOf(String.java:2979)
	at java.lang.StringBuilder.append(StringBuilder.java:131)
	at org.openqa.selenium.support.ui.ExpectedConditions$23.toString(ExpectedConditions.java:686)
	at java.lang.String.valueOf(String.java:2979)
	at java.lang.StringBuilder.append(StringBuilder.java:131)
	at org.openqa.selenium.support.ui.FluentWait.until(FluentWait.java:228)
	at wdMethods.SeMethods.click(SeMethods.java:96)
	at pages.MyHomePage.clickLeadTab(MyHomePage.java:25)
	at pagetests.CreateLead.createLead(CreateLead.java:27)
	at sun.reflect.NativeMethodAccessorImpl.invoke0(Native Method)
	at sun.reflect.NativeMethodAccessorImpl.invoke(NativeMethodAccessorImpl.java:62)
	at sun.reflect.DelegatingMethodAccessorImpl.invoke(DelegatingMethodAccessorImpl.java:43)
	at java.lang.reflect.Method.invoke(Method.java:483)
	at org.testng.internal.MethodInvocationHelper.invokeMethod(MethodInvocationHelper.java:85)
	at org.testng.internal.Invoker.invokeMethod(Invoker.java:639)
	at org.testng.internal.Invoker.invokeTestMethod(Invoker.java:816)
	at org.testng.internal.Invoker.invokeTestMethods(Invoker.java:1124)
	at org.testng.internal.TestMethodWorker.invokeTestMethods(TestMethodWorker.java:124)
	at org.testng.internal.TestMethodWorker.run(TestMethodWorker.java:108)
	at org.testng.TestRunner.privateRun(TestRunner.java:773)
	at org.testng.TestRunner.run(TestRunner.java:623)
	at org.testng.SuiteRunner.runTest(SuiteRunner.java:359)
	at org.testng.SuiteRunner.runSequentially(SuiteRunner.java:354)
	at org.testng.SuiteRunner.privateRun(SuiteRunner.java:312)
	at org.testng.SuiteRunner.run(SuiteRunner.java:261)
	at org.testng.SuiteRunnerWorker.runSuite(SuiteRunnerWorker.java:52)
	at org.testng.SuiteRunnerWorker.run(SuiteRunnerWorker.java:86)
	at org.testng.TestNG.runSuitesSequentially(TestNG.java:1185)
	at org.testng.TestNG.runSuitesLocally(TestNG.java:1110)
	at org.testng.TestNG.run(TestNG.java:1018)
	at org.testng.remote.RemoteTestNG.run(RemoteTestNG.java:112)
	at org.testng.remote.RemoteTestNG.initAndRun(RemoteTestNG.java:205)
	at org.testng.remote.RemoteTestNG.main(RemoteTestNG.java:176)
]]>
            </full-stacktrace>
          </exception> <!-- java.lang.NullPointerException -->
          <reporter-output>
          </reporter-output>
        </test-method> <!-- createLead -->
        <test-method status="PASS" signature="afterMethod()[pri:0, instance:pagetests.CreateLead@9f9fb0]" name="afterMethod" is-config="true" duration-ms="1081" started-at="2017-12-23T11:35:36Z" finished-at="2017-12-23T11:35:37Z">
          <reporter-output>
          </reporter-output>
        </test-method> <!-- afterMethod -->
        <test-method status="PASS" signature="afterTest()[pri:0, instance:pagetests.CreateLead@9f9fb0]" name="afterTest" is-config="true" duration-ms="0" started-at="2017-12-23T11:35:37Z" finished-at="2017-12-23T11:35:37Z">
          <reporter-output>
          </reporter-output>
        </test-method> <!-- afterTest -->
        <test-method status="PASS" signature="afterSuite()[pri:0, instance:pagetests.CreateLead@9f9fb0]" name="afterSuite" is-config="true" duration-ms="810" started-at="2017-12-23T11:35:37Z" finished-at="2017-12-23T11:35:37Z">
          <reporter-output>
          </reporter-output>
        </test-method> <!-- afterSuite -->
      </class> <!-- pagetests.CreateLead -->
    </test> <!-- Default test -->
  </suite> <!-- Default suite -->
</testng-results>
