<?xml version="1.0" encoding="UTF-8"?>
<testng-results skipped="0" failed="1" ignored="0" total="1" passed="0">
  <reporter-output>
  </reporter-output>
  <suite name="Suite" duration-ms="1358" started-at="2017-12-23T06:00:35Z" finished-at="2017-12-23T06:00:37Z">
    <groups>
    </groups>
    <test name="Test" duration-ms="1358" started-at="2017-12-23T06:00:35Z" finished-at="2017-12-23T06:00:37Z">
      <class name="pagetests.CreateLead">
        <test-method status="PASS" signature="beforeSuite()[pri:0, instance:pagetests.CreateLead@9b1010]" name="beforeSuite" is-config="true" duration-ms="1318" started-at="2017-12-23T11:30:34Z" finished-at="2017-12-23T11:30:35Z">
          <reporter-output>
          </reporter-output>
        </test-method> <!-- beforeSuite -->
        <test-method status="PASS" signature="beforeTest()[pri:0, instance:pagetests.CreateLead@9b1010]" name="beforeTest" is-config="true" duration-ms="0" started-at="2017-12-23T11:30:35Z" finished-at="2017-12-23T11:30:35Z">
          <reporter-output>
          </reporter-output>
        </test-method> <!-- beforeTest -->
        <test-method status="PASS" signature="setValues()[pri:0, instance:pagetests.CreateLead@9b1010]" name="setValues" is-config="true" duration-ms="1" started-at="2017-12-23T11:30:35Z" finished-at="2017-12-23T11:30:35Z">
          <reporter-output>
          </reporter-output>
        </test-method> <!-- setValues -->
        <test-method status="FAIL" signature="createLead(java.lang.String, java.lang.String, java.lang.String)[pri:0, instance:pagetests.CreateLead@9b1010]" name="createLead" duration-ms="1328" started-at="2017-12-23T11:30:35Z" data-provider="fetchData" finished-at="2017-12-23T11:30:37Z">
          <exception class="org.testng.internal.reflect.MethodMatcherException">
            <message>
              <![CDATA[
Data provider mismatch
Method: createLead([Parameter{index=0, type=java.lang.String, declaredAnnotations=[]}, Parameter{index=1, type=java.lang.String, declaredAnnotations=[]}, Parameter{index=2, type=java.lang.String, declaredAnnotations=[]}])
Arguments: [(java.lang.String) Amazon,(java.lang.String) raji,(java.lang.String) K,(java.lang.String) 9500164958]]]>
            </message>
            <full-stacktrace>
              <![CDATA[org.testng.internal.reflect.MethodMatcherException: 
Data provider mismatch
Method: createLead([Parameter{index=0, type=java.lang.String, declaredAnnotations=[]}, Parameter{index=1, type=java.lang.String, declaredAnnotations=[]}, Parameter{index=2, type=java.lang.String, declaredAnnotations=[]}])
Arguments: [(java.lang.String) Amazon,(java.lang.String) raji,(java.lang.String) K,(java.lang.String) 9500164958]
	at org.testng.internal.reflect.DataProviderMethodMatcher.getConformingArguments(DataProviderMethodMatcher.java:45)
	at org.testng.internal.Invoker.injectParameters(Invoker.java:1301)
	at org.testng.internal.Invoker.invokeTestMethods(Invoker.java:1195)
	at org.testng.internal.TestMethodWorker.invokeTestMethods(TestMethodWorker.java:125)
	at org.testng.internal.TestMethodWorker.run(TestMethodWorker.java:109)
	at org.testng.TestRunner.privateRun(TestRunner.java:776)
	at org.testng.TestRunner.run(TestRunner.java:634)
	at org.testng.SuiteRunner.runTest(SuiteRunner.java:425)
	at org.testng.SuiteRunner.runSequentially(SuiteRunner.java:420)
	at org.testng.SuiteRunner.privateRun(SuiteRunner.java:385)
	at org.testng.SuiteRunner.run(SuiteRunner.java:334)
	at org.testng.SuiteRunnerWorker.runSuite(SuiteRunnerWorker.java:52)
	at org.testng.SuiteRunnerWorker.run(SuiteRunnerWorker.java:86)
	at org.testng.TestNG.runSuitesSequentially(TestNG.java:1318)
	at org.testng.TestNG.runSuitesLocally(TestNG.java:1243)
	at org.testng.TestNG.runSuites(TestNG.java:1161)
	at org.testng.TestNG.run(TestNG.java:1129)
	at org.testng.remote.AbstractRemoteTestNG.run(AbstractRemoteTestNG.java:114)
	at org.testng.remote.RemoteTestNG.initAndRun(RemoteTestNG.java:251)
	at org.testng.remote.RemoteTestNG.main(RemoteTestNG.java:77)
]]>
            </full-stacktrace>
          </exception> <!-- org.testng.internal.reflect.MethodMatcherException -->
          <reporter-output>
          </reporter-output>
        </test-method> <!-- createLead -->
        <test-method status="PASS" signature="afterTest()[pri:0, instance:pagetests.CreateLead@9b1010]" name="afterTest" is-config="true" duration-ms="0" started-at="2017-12-23T11:30:37Z" finished-at="2017-12-23T11:30:37Z">
          <reporter-output>
          </reporter-output>
        </test-method> <!-- afterTest -->
        <test-method status="PASS" signature="afterSuite()[pri:0, instance:pagetests.CreateLead@9b1010]" name="afterSuite" is-config="true" duration-ms="657" started-at="2017-12-23T11:30:37Z" finished-at="2017-12-23T11:30:37Z">
          <reporter-output>
          </reporter-output>
        </test-method> <!-- afterSuite -->
      </class> <!-- pagetests.CreateLead -->
    </test> <!-- Test -->
  </suite> <!-- Suite -->
</testng-results>
